  [1m[35m (28.1ms)[0m  [1m[34mSELECT sqlite_version(*)[0m
  [1m[35m (2.7ms)[0m  [1m[35mCREATE TABLE "schema_migrations" ("version" varchar NOT NULL PRIMARY KEY)[0m
  [1m[35m (1.2ms)[0m  [1m[35mCREATE TABLE "ar_internal_metadata" ("key" varchar NOT NULL PRIMARY KEY, "value" varchar, "created_at" datetime(6) NOT NULL, "updated_at" datetime(6) NOT NULL)[0m
  [1m[35m (0.3ms)[0m  [1m[34mSELECT "schema_migrations"."version" FROM "schema_migrations" ORDER BY "schema_migrations"."version" ASC[0m
Migrating to CreateUsers (20201103204701)
  [1m[35m (0.1ms)[0m  [1m[36mbegin transaction[0m
  [1m[35m (0.5ms)[0m  [1m[35mCREATE TABLE "users" ("id" integer PRIMARY KEY AUTOINCREMENT NOT NULL, "username" varchar, "email" varchar, "password_digest" varchar, "created_at" datetime(6) NOT NULL, "updated_at" datetime(6) NOT NULL)[0m
  [1m[36mprimary::SchemaMigration Create (0.4ms)[0m  [1m[32mINSERT INTO "schema_migrations" ("version") VALUES (?)[0m  [["version", "20201103204701"]]
  [1m[35m (1.8ms)[0m  [1m[36mcommit transaction[0m
Migrating to CreateVideos (20201103210404)
  [1m[35m (0.1ms)[0m  [1m[36mbegin transaction[0m
  [1m[35m (0.6ms)[0m  [1m[35mCREATE TABLE "videos" ("id" integer PRIMARY KEY AUTOINCREMENT NOT NULL, "name" varchar, "url" varchar, "likes" integer, "user_id" integer, "created_at" datetime(6) NOT NULL, "updated_at" datetime(6) NOT NULL)[0m
  [1m[35m (0.2ms)[0m  [1m[35mCREATE  INDEX "index_videos_on_user_id" ON "videos" ("user_id")[0m
  [1m[36mprimary::SchemaMigration Create (0.2ms)[0m  [1m[32mINSERT INTO "schema_migrations" ("version") VALUES (?)[0m  [["version", "20201103210404"]]
  [1m[35m (1.5ms)[0m  [1m[36mcommit transaction[0m
  [1m[36mActiveRecord::InternalMetadata Load (0.4ms)[0m  [1m[34mSELECT "ar_internal_metadata".* FROM "ar_internal_metadata" WHERE "ar_internal_metadata"."key" = ? LIMIT ?[0m  [["key", "environment"], ["LIMIT", 1]]
  [1m[35m (0.1ms)[0m  [1m[36mbegin transaction[0m
  [1m[36mActiveRecord::InternalMetadata Create (0.4ms)[0m  [1m[32mINSERT INTO "ar_internal_metadata" ("key", "value", "created_at", "updated_at") VALUES (?, ?, ?, ?)[0m  [["key", "environment"], ["value", "development"], ["created_at", "2020-11-03 21:05:55.623196"], ["updated_at", "2020-11-03 21:05:55.623196"]]
  [1m[35m (1.0ms)[0m  [1m[36mcommit transaction[0m
  [1m[35m (0.1ms)[0m  [1m[34mSELECT sqlite_version(*)[0m
  [1m[35m (0.1ms)[0m  [1m[34mSELECT "schema_migrations"."version" FROM "schema_migrations" ORDER BY "schema_migrations"."version" ASC[0m
  [1m[35m (2.0ms)[0m  [1m[34mSELECT sqlite_version(*)[0m
  [1m[35m (0.4ms)[0m  [1m[34mSELECT "schema_migrations"."version" FROM "schema_migrations" ORDER BY "schema_migrations"."version" ASC[0m
  [1m[35m (0.8ms)[0m  [1m[34mSELECT "ar_internal_metadata"."value" FROM "ar_internal_metadata" WHERE "ar_internal_metadata"."key" = ?[0m  [["key", "environment"]]
  [1m[35m (0.1ms)[0m  [1m[34mSELECT "schema_migrations"."version" FROM "schema_migrations" ORDER BY "schema_migrations"."version" ASC[0m
  [1m[35m (0.1ms)[0m  [1m[34mSELECT "ar_internal_metadata"."value" FROM "ar_internal_metadata" WHERE "ar_internal_metadata"."key" = ?[0m  [["key", "environment"]]
  [1m[35m (0.1ms)[0m  [1m[34mSELECT "schema_migrations"."version" FROM "schema_migrations" ORDER BY "schema_migrations"."version" ASC[0m
  [1m[35m (0.1ms)[0m  [1m[34mSELECT "ar_internal_metadata"."value" FROM "ar_internal_metadata" WHERE "ar_internal_metadata"."key" = ?[0m  [["key", "environment"]]
  [1m[35m (0.5ms)[0m  [1m[34mSELECT sqlite_version(*)[0m
  [1m[35m (1.9ms)[0m  [1m[35mCREATE TABLE "schema_migrations" ("version" varchar NOT NULL PRIMARY KEY)[0m
  [1m[35m (3.8ms)[0m  [1m[35mCREATE TABLE "ar_internal_metadata" ("key" varchar NOT NULL PRIMARY KEY, "value" varchar, "created_at" datetime(6) NOT NULL, "updated_at" datetime(6) NOT NULL)[0m
  [1m[35m (0.2ms)[0m  [1m[34mSELECT "schema_migrations"."version" FROM "schema_migrations" ORDER BY "schema_migrations"."version" ASC[0m
Migrating to CreateUsers (20201103204701)
  [1m[35m (0.1ms)[0m  [1m[36mbegin transaction[0m
  [1m[35m (0.5ms)[0m  [1m[35mCREATE TABLE "users" ("id" integer PRIMARY KEY AUTOINCREMENT NOT NULL, "username" varchar, "email" varchar, "password_digest" varchar, "created_at" datetime(6) NOT NULL, "updated_at" datetime(6) NOT NULL)[0m
  [1m[36mprimary::SchemaMigration Create (0.2ms)[0m  [1m[32mINSERT INTO "schema_migrations" ("version") VALUES (?)[0m  [["version", "20201103204701"]]
  [1m[35m (0.9ms)[0m  [1m[36mcommit transaction[0m
Migrating to CreateVideos (20201103210404)
  [1m[35m (0.1ms)[0m  [1m[36mbegin transaction[0m
  [1m[35m (0.5ms)[0m  [1m[35mCREATE TABLE "videos" ("id" integer PRIMARY KEY AUTOINCREMENT NOT NULL, "name" varchar, "url" varchar, "user_id" integer, "created_at" datetime(6) NOT NULL, "updated_at" datetime(6) NOT NULL)[0m
  [1m[35m (0.2ms)[0m  [1m[35mCREATE  INDEX "index_videos_on_user_id" ON "videos" ("user_id")[0m
  [1m[36mprimary::SchemaMigration Create (0.2ms)[0m  [1m[32mINSERT INTO "schema_migrations" ("version") VALUES (?)[0m  [["version", "20201103210404"]]
  [1m[35m (4.5ms)[0m  [1m[36mcommit transaction[0m
  [1m[36mActiveRecord::InternalMetadata Load (0.2ms)[0m  [1m[34mSELECT "ar_internal_metadata".* FROM "ar_internal_metadata" WHERE "ar_internal_metadata"."key" = ? LIMIT ?[0m  [["key", "environment"], ["LIMIT", 1]]
  [1m[35m (0.1ms)[0m  [1m[36mbegin transaction[0m
  [1m[36mActiveRecord::InternalMetadata Create (0.5ms)[0m  [1m[32mINSERT INTO "ar_internal_metadata" ("key", "value", "created_at", "updated_at") VALUES (?, ?, ?, ?)[0m  [["key", "environment"], ["value", "development"], ["created_at", "2020-11-03 21:36:07.247782"], ["updated_at", "2020-11-03 21:36:07.247782"]]
  [1m[35m (1.2ms)[0m  [1m[36mcommit transaction[0m
  [1m[35m (0.1ms)[0m  [1m[34mSELECT sqlite_version(*)[0m
  [1m[35m (0.2ms)[0m  [1m[34mSELECT "schema_migrations"."version" FROM "schema_migrations" ORDER BY "schema_migrations"."version" ASC[0m
  [1m[35m (0.9ms)[0m  [1m[34mSELECT sqlite_version(*)[0m
  [1m[35m (0.5ms)[0m  [1m[34mSELECT "schema_migrations"."version" FROM "schema_migrations" ORDER BY "schema_migrations"."version" ASC[0m
  [1m[35m (0.7ms)[0m  [1m[34mSELECT "ar_internal_metadata"."value" FROM "ar_internal_metadata" WHERE "ar_internal_metadata"."key" = ?[0m  [["key", "environment"]]
  [1m[35m (0.1ms)[0m  [1m[34mSELECT "schema_migrations"."version" FROM "schema_migrations" ORDER BY "schema_migrations"."version" ASC[0m
  [1m[35m (0.1ms)[0m  [1m[34mSELECT "ar_internal_metadata"."value" FROM "ar_internal_metadata" WHERE "ar_internal_metadata"."key" = ?[0m  [["key", "environment"]]
  [1m[35m (0.1ms)[0m  [1m[34mSELECT "schema_migrations"."version" FROM "schema_migrations" ORDER BY "schema_migrations"."version" ASC[0m
  [1m[35m (0.1ms)[0m  [1m[34mSELECT "ar_internal_metadata"."value" FROM "ar_internal_metadata" WHERE "ar_internal_metadata"."key" = ?[0m  [["key", "environment"]]
  [1m[35m (0.9ms)[0m  [1m[34mSELECT sqlite_version(*)[0m
  [1m[35m (138.4ms)[0m  [1m[35mCREATE TABLE "schema_migrations" ("version" varchar NOT NULL PRIMARY KEY)[0m
  [1m[35m (119.0ms)[0m  [1m[35mCREATE TABLE "ar_internal_metadata" ("key" varchar NOT NULL PRIMARY KEY, "value" varchar, "created_at" datetime(6) NOT NULL, "updated_at" datetime(6) NOT NULL)[0m
  [1m[35m (0.3ms)[0m  [1m[34mSELECT "schema_migrations"."version" FROM "schema_migrations" ORDER BY "schema_migrations"."version" ASC[0m
Migrating to CreateUsers (20201103204701)
  [1m[35m (0.1ms)[0m  [1m[36mbegin transaction[0m
  [1m[35m (2.5ms)[0m  [1m[35mCREATE TABLE "users" ("id" integer PRIMARY KEY AUTOINCREMENT NOT NULL, "username" varchar, "email" varchar, "password_digest" varchar, "created_at" datetime(6) NOT NULL, "updated_at" datetime(6) NOT NULL)[0m
  [1m[36mprimary::SchemaMigration Create (0.2ms)[0m  [1m[32mINSERT INTO "schema_migrations" ("version") VALUES (?)[0m  [["version", "20201103204701"]]
  [1m[35m (3.5ms)[0m  [1m[36mcommit transaction[0m
Migrating to CreateVideos (20201103210404)
  [1m[35m (0.1ms)[0m  [1m[36mbegin transaction[0m
  [1m[35m (0.5ms)[0m  [1m[35mCREATE TABLE "videos" ("id" integer PRIMARY KEY AUTOINCREMENT NOT NULL, "title" varchar, "url" varchar, "user_id" integer, "created_at" datetime(6) NOT NULL, "updated_at" datetime(6) NOT NULL)[0m
  [1m[35m (0.1ms)[0m  [1m[35mCREATE  INDEX "index_videos_on_user_id" ON "videos" ("user_id")[0m
  [1m[36mprimary::SchemaMigration Create (0.3ms)[0m  [1m[32mINSERT INTO "schema_migrations" ("version") VALUES (?)[0m  [["version", "20201103210404"]]
  [1m[35m (11.6ms)[0m  [1m[36mcommit transaction[0m
  [1m[36mActiveRecord::InternalMetadata Load (0.2ms)[0m  [1m[34mSELECT "ar_internal_metadata".* FROM "ar_internal_metadata" WHERE "ar_internal_metadata"."key" = ? LIMIT ?[0m  [["key", "environment"], ["LIMIT", 1]]
  [1m[35m (0.1ms)[0m  [1m[36mbegin transaction[0m
  [1m[36mActiveRecord::InternalMetadata Create (0.3ms)[0m  [1m[32mINSERT INTO "ar_internal_metadata" ("key", "value", "created_at", "updated_at") VALUES (?, ?, ?, ?)[0m  [["key", "environment"], ["value", "development"], ["created_at", "2020-11-03 21:43:40.509765"], ["updated_at", "2020-11-03 21:43:40.509765"]]
  [1m[35m (1.0ms)[0m  [1m[36mcommit transaction[0m
  [1m[35m (0.1ms)[0m  [1m[34mSELECT sqlite_version(*)[0m
  [1m[35m (0.1ms)[0m  [1m[34mSELECT "schema_migrations"."version" FROM "schema_migrations" ORDER BY "schema_migrations"."version" ASC[0m
  [1m[35m (1.3ms)[0m  [1m[34mSELECT sqlite_version(*)[0m
  [1m[35m (0.2ms)[0m  [1m[34mSELECT "schema_migrations"."version" FROM "schema_migrations" ORDER BY "schema_migrations"."version" ASC[0m
  [1m[35m (1.1ms)[0m  [1m[34mSELECT sqlite_version(*)[0m
  [1m[35m (0.2ms)[0m  [1m[34mSELECT "schema_migrations"."version" FROM "schema_migrations" ORDER BY "schema_migrations"."version" ASC[0m
  [1m[35m (0.1ms)[0m  [1m[34mSELECT sqlite_version(*)[0m
  [1m[35m (0.1ms)[0m  [1m[36mbegin transaction[0m
  [1m[36mUser Exists? (0.2ms)[0m  [1m[34mSELECT 1 AS one FROM "users" WHERE "users"."username" = ? LIMIT ?[0m  [["username", "Larry"], ["LIMIT", 1]]
  [1m[36mUser Exists? (0.1ms)[0m  [1m[34mSELECT 1 AS one FROM "users" WHERE "users"."email" = ? LIMIT ?[0m  [["email", "larry@stooges.com"], ["LIMIT", 1]]
  [1m[36mUser Create (0.6ms)[0m  [1m[32mINSERT INTO "users" ("username", "email", "password_digest", "created_at", "updated_at") VALUES (?, ?, ?, ?, ?)[0m  [["username", "Larry"], ["email", "larry@stooges.com"], ["password_digest", "$2a$12$NI5HiaMLDVFAJkBZQNhbf.qhoQD6ozijI3mLJNnhggCYwujD8dWNa"], ["created_at", "2020-11-03 21:52:01.128018"], ["updated_at", "2020-11-03 21:52:01.128018"]]
  [1m[35m (1.1ms)[0m  [1m[36mcommit transaction[0m
  [1m[35m (0.1ms)[0m  [1m[36mbegin transaction[0m
  [1m[36mUser Exists? (0.2ms)[0m  [1m[34mSELECT 1 AS one FROM "users" WHERE "users"."username" = ? LIMIT ?[0m  [["username", "Curly"], ["LIMIT", 1]]
  [1m[36mUser Exists? (0.1ms)[0m  [1m[34mSELECT 1 AS one FROM "users" WHERE "users"."email" = ? LIMIT ?[0m  [["email", "curly@stooges.com"], ["LIMIT", 1]]
  [1m[36mUser Create (0.3ms)[0m  [1m[32mINSERT INTO "users" ("username", "email", "password_digest", "created_at", "updated_at") VALUES (?, ?, ?, ?, ?)[0m  [["username", "Curly"], ["email", "curly@stooges.com"], ["password_digest", "$2a$12$Iv.10VT2FPIsRUAbjnOTx.CzW90Bgwi2/tk..kQq.Mn/D.gRsZNsa"], ["created_at", "2020-11-03 21:52:01.416194"], ["updated_at", "2020-11-03 21:52:01.416194"]]
  [1m[35m (1.2ms)[0m  [1m[36mcommit transaction[0m
  [1m[35m (0.1ms)[0m  [1m[36mbegin transaction[0m
  [1m[36mUser Exists? (0.2ms)[0m  [1m[34mSELECT 1 AS one FROM "users" WHERE "users"."username" = ? LIMIT ?[0m  [["username", "moe"], ["LIMIT", 1]]
  [1m[36mUser Exists? (0.1ms)[0m  [1m[34mSELECT 1 AS one FROM "users" WHERE "users"."email" = ? LIMIT ?[0m  [["email", "moe@stooges.com"], ["LIMIT", 1]]
  [1m[36mUser Create (0.3ms)[0m  [1m[32mINSERT INTO "users" ("username", "email", "password_digest", "created_at", "updated_at") VALUES (?, ?, ?, ?, ?)[0m  [["username", "moe"], ["email", "moe@stooges.com"], ["password_digest", "$2a$12$gbjRFwUfz/zN/7yCJism3.bZjiQTSeOZDiA6t.RSOXilDgEwycJLe"], ["created_at", "2020-11-03 21:52:01.693827"], ["updated_at", "2020-11-03 21:52:01.693827"]]
  [1m[35m (1.0ms)[0m  [1m[36mcommit transaction[0m
  [1m[35m (0.1ms)[0m  [1m[36mbegin transaction[0m
  [1m[36mVideo Exists? (0.2ms)[0m  [1m[34mSELECT 1 AS one FROM "videos" WHERE "videos"."title" = ? LIMIT ?[0m  [["title", "my first video"], ["LIMIT", 1]]
  [1m[35m (0.1ms)[0m  [1m[31mrollback transaction[0m
  [1m[35m (0.0ms)[0m  [1m[36mbegin transaction[0m
  [1m[36mVideo Exists? (0.1ms)[0m  [1m[34mSELECT 1 AS one FROM "videos" WHERE "videos"."title" = ? LIMIT ?[0m  [["title", "my second video"], ["LIMIT", 1]]
  [1m[35m (0.1ms)[0m  [1m[31mrollback transaction[0m
  [1m[35m (0.1ms)[0m  [1m[36mbegin transaction[0m
  [1m[36mVideo Exists? (0.1ms)[0m  [1m[34mSELECT 1 AS one FROM "videos" WHERE "videos"."title" = ? LIMIT ?[0m  [["title", "my third video"], ["LIMIT", 1]]
  [1m[35m (0.1ms)[0m  [1m[31mrollback transaction[0m
  [1m[35m (0.0ms)[0m  [1m[36mbegin transaction[0m
  [1m[36mVideo Exists? (0.1ms)[0m  [1m[34mSELECT 1 AS one FROM "videos" WHERE "videos"."title" = ? LIMIT ?[0m  [["title", "my fourth video"], ["LIMIT", 1]]
  [1m[35m (0.0ms)[0m  [1m[31mrollback transaction[0m
  [1m[35m (0.0ms)[0m  [1m[36mbegin transaction[0m
  [1m[36mVideo Exists? (0.1ms)[0m  [1m[34mSELECT 1 AS one FROM "videos" WHERE "videos"."title" = ? LIMIT ?[0m  [["title", "my fifth video"], ["LIMIT", 1]]
  [1m[35m (0.0ms)[0m  [1m[31mrollback transaction[0m
  [1m[35m (0.0ms)[0m  [1m[36mbegin transaction[0m
  [1m[36mVideo Exists? (0.1ms)[0m  [1m[34mSELECT 1 AS one FROM "videos" WHERE "videos"."title" = ? LIMIT ?[0m  [["title", "my sixth video"], ["LIMIT", 1]]
  [1m[35m (0.0ms)[0m  [1m[31mrollback transaction[0m
  [1m[35m (0.0ms)[0m  [1m[36mbegin transaction[0m
  [1m[36mVideo Exists? (0.1ms)[0m  [1m[34mSELECT 1 AS one FROM "videos" WHERE "videos"."title" = ? LIMIT ?[0m  [["title", "my seventh video"], ["LIMIT", 1]]
  [1m[35m (0.0ms)[0m  [1m[31mrollback transaction[0m
  [1m[35m (0.0ms)[0m  [1m[36mbegin transaction[0m
  [1m[36mVideo Exists? (0.1ms)[0m  [1m[34mSELECT 1 AS one FROM "videos" WHERE "videos"."title" = ? LIMIT ?[0m  [["title", "my eighth video"], ["LIMIT", 1]]
  [1m[35m (0.1ms)[0m  [1m[31mrollback transaction[0m
  [1m[35m (0.1ms)[0m  [1m[36mbegin transaction[0m
  [1m[36mVideo Exists? (0.1ms)[0m  [1m[34mSELECT 1 AS one FROM "videos" WHERE "videos"."title" = ? LIMIT ?[0m  [["title", "my ninth video"], ["LIMIT", 1]]
  [1m[35m (0.1ms)[0m  [1m[31mrollback transaction[0m
  [1m[35m (0.1ms)[0m  [1m[36mbegin transaction[0m
  [1m[36mVideo Exists? (0.2ms)[0m  [1m[34mSELECT 1 AS one FROM "videos" WHERE "videos"."title" = ? LIMIT ?[0m  [["title", "my first video"], ["LIMIT", 1]]
  [1m[36mVideo Create (0.4ms)[0m  [1m[32mINSERT INTO "videos" ("title", "url", "user_id", "created_at", "updated_at") VALUES (?, ?, ?, ?, ?)[0m  [["title", "my first video"], ["url", ""], ["user_id", 1], ["created_at", "2020-11-03 21:52:02.394816"], ["updated_at", "2020-11-03 21:52:02.394816"]]
  [1m[36mVideo Exists? (0.1ms)[0m  [1m[34mSELECT 1 AS one FROM "videos" WHERE "videos"."title" = ? LIMIT ?[0m  [["title", "my second video"], ["LIMIT", 1]]
  [1m[36mVideo Create (0.1ms)[0m  [1m[32mINSERT INTO "videos" ("title", "url", "user_id", "created_at", "updated_at") VALUES (?, ?, ?, ?, ?)[0m  [["title", "my second video"], ["url", ""], ["user_id", 1], ["created_at", "2020-11-03 21:52:02.398860"], ["updated_at", "2020-11-03 21:52:02.398860"]]
  [1m[36mVideo Exists? (0.1ms)[0m  [1m[34mSELECT 1 AS one FROM "videos" WHERE "videos"."title" = ? LIMIT ?[0m  [["title", "my third video"], ["LIMIT", 1]]
  [1m[36mVideo Create (0.1ms)[0m  [1m[32mINSERT INTO "videos" ("title", "url", "user_id", "created_at", "updated_at") VALUES (?, ?, ?, ?, ?)[0m  [["title", "my third video"], ["url", ""], ["user_id", 1], ["created_at", "2020-11-03 21:52:02.402308"], ["updated_at", "2020-11-03 21:52:02.402308"]]
  [1m[35m (5.8ms)[0m  [1m[36mcommit transaction[0m
  [1m[35m (0.1ms)[0m  [1m[36mbegin transaction[0m
  [1m[36mVideo Exists? (0.2ms)[0m  [1m[34mSELECT 1 AS one FROM "videos" WHERE "videos"."title" = ? LIMIT ?[0m  [["title", "my fourth video"], ["LIMIT", 1]]
  [1m[36mVideo Create (0.3ms)[0m  [1m[32mINSERT INTO "videos" ("title", "url", "user_id", "created_at", "updated_at") VALUES (?, ?, ?, ?, ?)[0m  [["title", "my fourth video"], ["url", ""], ["user_id", 2], ["created_at", "2020-11-03 21:52:02.414607"], ["updated_at", "2020-11-03 21:52:02.414607"]]
  [1m[36mVideo Exists? (0.1ms)[0m  [1m[34mSELECT 1 AS one FROM "videos" WHERE "videos"."title" = ? LIMIT ?[0m  [["title", "my fifth video"], ["LIMIT", 1]]
  [1m[36mVideo Create (0.1ms)[0m  [1m[32mINSERT INTO "videos" ("title", "url", "user_id", "created_at", "updated_at") VALUES (?, ?, ?, ?, ?)[0m  [["title", "my fifth video"], ["url", ""], ["user_id", 2], ["created_at", "2020-11-03 21:52:02.418774"], ["updated_at", "2020-11-03 21:52:02.418774"]]
  [1m[36mVideo Exists? (0.1ms)[0m  [1m[34mSELECT 1 AS one FROM "videos" WHERE "videos"."title" = ? LIMIT ?[0m  [["title", "my sixth video"], ["LIMIT", 1]]
  [1m[36mVideo Create (0.1ms)[0m  [1m[32mINSERT INTO "videos" ("title", "url", "user_id", "created_at", "updated_at") VALUES (?, ?, ?, ?, ?)[0m  [["title", "my sixth video"], ["url", ""], ["user_id", 2], ["created_at", "2020-11-03 21:52:02.422873"], ["updated_at", "2020-11-03 21:52:02.422873"]]
  [1m[35m (1.3ms)[0m  [1m[36mcommit transaction[0m
  [1m[35m (0.0ms)[0m  [1m[36mbegin transaction[0m
  [1m[36mVideo Exists? (0.1ms)[0m  [1m[34mSELECT 1 AS one FROM "videos" WHERE "videos"."title" = ? LIMIT ?[0m  [["title", "my seventh video"], ["LIMIT", 1]]
  [1m[36mVideo Create (0.3ms)[0m  [1m[32mINSERT INTO "videos" ("title", "url", "user_id", "created_at", "updated_at") VALUES (?, ?, ?, ?, ?)[0m  [["title", "my seventh video"], ["url", ""], ["user_id", 3], ["created_at", "2020-11-03 21:52:02.430117"], ["updated_at", "2020-11-03 21:52:02.430117"]]
  [1m[36mVideo Exists? (0.1ms)[0m  [1m[34mSELECT 1 AS one FROM "videos" WHERE "videos"."title" = ? LIMIT ?[0m  [["title", "my eighth video"], ["LIMIT", 1]]
  [1m[36mVideo Create (0.1ms)[0m  [1m[32mINSERT INTO "videos" ("title", "url", "user_id", "created_at", "updated_at") VALUES (?, ?, ?, ?, ?)[0m  [["title", "my eighth video"], ["url", ""], ["user_id", 3], ["created_at", "2020-11-03 21:52:02.433435"], ["updated_at", "2020-11-03 21:52:02.433435"]]
  [1m[36mVideo Exists? (0.1ms)[0m  [1m[34mSELECT 1 AS one FROM "videos" WHERE "videos"."title" = ? LIMIT ?[0m  [["title", "my ninth video"], ["LIMIT", 1]]
  [1m[36mVideo Create (0.1ms)[0m  [1m[32mINSERT INTO "videos" ("title", "url", "user_id", "created_at", "updated_at") VALUES (?, ?, ?, ?, ?)[0m  [["title", "my ninth video"], ["url", ""], ["user_id", 3], ["created_at", "2020-11-03 21:52:02.436429"], ["updated_at", "2020-11-03 21:52:02.436429"]]
  [1m[35m (1.2ms)[0m  [1m[36mcommit transaction[0m
  [1m[35m (4.7ms)[0m  [1m[34mSELECT sqlite_version(*)[0m
  [1m[36mUser Load (0.4ms)[0m  [1m[34mSELECT "users".* FROM "users" LIMIT ?[0m  [["LIMIT", 11]]
  [1m[36mUser Load (0.3ms)[0m  [1m[34mSELECT "users".* FROM "users"[0m
  [1m[36mVideo Load (0.3ms)[0m  [1m[34mSELECT "videos".* FROM "videos" LIMIT ?[0m  [["LIMIT", 11]]
  [1m[36mVideo Load (0.3ms)[0m  [1m[34mSELECT "videos".* FROM "videos"[0m
Started GET "/videos" for ::1 at 2020-11-03 15:17:39 -0700
  [1m[35m (1.0ms)[0m  [1m[34mSELECT sqlite_version(*)[0m
  [1m[35m (0.5ms)[0m  [1m[34mSELECT "schema_migrations"."version" FROM "schema_migrations" ORDER BY "schema_migrations"."version" ASC[0m
  
SyntaxError (/Users/DogPa/workspace/flatiron/idl/backend/idl/app/controllers/videos_controller.rb:4: syntax error, unexpected ':', expecting `end'
        return json: videos
                   ^
/Users/DogPa/workspace/flatiron/idl/backend/idl/app/controllers/videos_controller.rb:11: syntax error, unexpected ':', expecting `end'
            return json: video
                       ^
/Users/DogPa/workspace/flatiron/idl/backend/idl/app/controllers/videos_controller.rb:13: syntax error, unexpected ':', expecting `end'
            return json: {status: "error", errors: [v...
                       ^
/Users/DogPa/workspace/flatiron/idl/backend/idl/app/controllers/videos_controller.rb:20: syntax error, unexpected ':', expecting `end'
            return json: video
                       ^
/Users/DogPa/workspace/flatiron/idl/backend/idl/app/controllers/videos_controller.rb:22: syntax error, unexpected ':', expecting `end'
            return json: {message: 'video not found'}
                       ^
/Users/DogPa/workspace/flatiron/idl/backend/idl/app/controllers/videos_controller.rb:30: syntax error, unexpected ':', expecting `end'
            return json: video
                       ^
/Users/DogPa/workspace/flatiron/idl/backend/idl/app/controllers/videos_controller.rb:32: syntax error, unexpected ':', expecting `end'
            return json: {message: "error - invalid v...
                       ^
/Users/DogPa/workspace/flatiron/idl/backend/idl/app/controllers/videos_controller.rb:40: syntax error, unexpected ':', expecting `end'
            return json: {message: 'video successfull...
                       ^
/Users/DogPa/workspace/flatiron/idl/backend/idl/app/controllers/videos_controller.rb:42: syntax error, unexpected ':', expecting `end'
            return json: {message: 'couldn\'t find vi...
                       ^
):
  
app/controllers/videos_controller.rb:4: syntax error, unexpected ':', expecting `end'
app/controllers/videos_controller.rb:11: syntax error, unexpected ':', expecting `end'
app/controllers/videos_controller.rb:13: syntax error, unexpected ':', expecting `end'
app/controllers/videos_controller.rb:20: syntax error, unexpected ':', expecting `end'
app/controllers/videos_controller.rb:22: syntax error, unexpected ':', expecting `end'
app/controllers/videos_controller.rb:30: syntax error, unexpected ':', expecting `end'
app/controllers/videos_controller.rb:32: syntax error, unexpected ':', expecting `end'
app/controllers/videos_controller.rb:40: syntax error, unexpected ':', expecting `end'
app/controllers/videos_controller.rb:42: syntax error, unexpected ':', expecting `end'
app/controllers/videos_controller.rb:4: syntax error, unexpected ':', expecting `end'
app/controllers/videos_controller.rb:11: syntax error, unexpected ':', expecting `end'
app/controllers/videos_controller.rb:13: syntax error, unexpected ':', expecting `end'
app/controllers/videos_controller.rb:20: syntax error, unexpected ':', expecting `end'
app/controllers/videos_controller.rb:22: syntax error, unexpected ':', expecting `end'
app/controllers/videos_controller.rb:30: syntax error, unexpected ':', expecting `end'
app/controllers/videos_controller.rb:32: syntax error, unexpected ':', expecting `end'
app/controllers/videos_controller.rb:40: syntax error, unexpected ':', expecting `end'
app/controllers/videos_controller.rb:42: syntax error, unexpected ':', expecting `end'
Started GET "/videos" for ::1 at 2020-11-03 15:21:35 -0700
  [1m[35m (1.1ms)[0m  [1m[34mSELECT sqlite_version(*)[0m
  [1m[35m (0.2ms)[0m  [1m[34mSELECT "schema_migrations"."version" FROM "schema_migrations" ORDER BY "schema_migrations"."version" ASC[0m
  
SyntaxError (/Users/DogPa/workspace/flatiron/idl/backend/idl/app/controllers/videos_controller.rb:4: syntax error, unexpected ':', expecting `end'
        return json: videos
                   ^
/Users/DogPa/workspace/flatiron/idl/backend/idl/app/controllers/videos_controller.rb:11: syntax error, unexpected ':', expecting `end'
            return json: video
                       ^
/Users/DogPa/workspace/flatiron/idl/backend/idl/app/controllers/videos_controller.rb:13: syntax error, unexpected ':', expecting `end'
            return json: {status: "error", errors: [v...
                       ^
/Users/DogPa/workspace/flatiron/idl/backend/idl/app/controllers/videos_controller.rb:20: syntax error, unexpected ':', expecting `end'
            return json: video
                       ^
/Users/DogPa/workspace/flatiron/idl/backend/idl/app/controllers/videos_controller.rb:22: syntax error, unexpected ':', expecting `end'
            return json: {message: 'video not found'}
                       ^
/Users/DogPa/workspace/flatiron/idl/backend/idl/app/controllers/videos_controller.rb:30: syntax error, unexpected ':', expecting `end'
            return json: video
                       ^
/Users/DogPa/workspace/flatiron/idl/backend/idl/app/controllers/videos_controller.rb:32: syntax error, unexpected ':', expecting `end'
            return json: {message: "error - invalid v...
                       ^
/Users/DogPa/workspace/flatiron/idl/backend/idl/app/controllers/videos_controller.rb:40: syntax error, unexpected ':', expecting `end'
            return json: {message: 'video successfull...
                       ^
/Users/DogPa/workspace/flatiron/idl/backend/idl/app/controllers/videos_controller.rb:42: syntax error, unexpected ':', expecting `end'
            return json: {message: 'couldn\'t find vi...
                       ^
):
  
app/controllers/videos_controller.rb:4: syntax error, unexpected ':', expecting `end'
app/controllers/videos_controller.rb:11: syntax error, unexpected ':', expecting `end'
app/controllers/videos_controller.rb:13: syntax error, unexpected ':', expecting `end'
app/controllers/videos_controller.rb:20: syntax error, unexpected ':', expecting `end'
app/controllers/videos_controller.rb:22: syntax error, unexpected ':', expecting `end'
app/controllers/videos_controller.rb:30: syntax error, unexpected ':', expecting `end'
app/controllers/videos_controller.rb:32: syntax error, unexpected ':', expecting `end'
app/controllers/videos_controller.rb:40: syntax error, unexpected ':', expecting `end'
app/controllers/videos_controller.rb:42: syntax error, unexpected ':', expecting `end'
app/controllers/videos_controller.rb:4: syntax error, unexpected ':', expecting `end'
app/controllers/videos_controller.rb:11: syntax error, unexpected ':', expecting `end'
app/controllers/videos_controller.rb:13: syntax error, unexpected ':', expecting `end'
app/controllers/videos_controller.rb:20: syntax error, unexpected ':', expecting `end'
app/controllers/videos_controller.rb:22: syntax error, unexpected ':', expecting `end'
app/controllers/videos_controller.rb:30: syntax error, unexpected ':', expecting `end'
app/controllers/videos_controller.rb:32: syntax error, unexpected ':', expecting `end'
app/controllers/videos_controller.rb:40: syntax error, unexpected ':', expecting `end'
app/controllers/videos_controller.rb:42: syntax error, unexpected ':', expecting `end'
Started GET "/videos" for ::1 at 2020-11-03 15:27:33 -0700
  [1m[35m (0.1ms)[0m  [1m[34mSELECT sqlite_version(*)[0m
Processing by VideosController#index as */*
  [1m[36mVideo Load (0.3ms)[0m  [1m[34mSELECT "videos".* FROM "videos"[0m
  ↳ app/controllers/videos_controller.rb:4:in `index'
Completed 200 OK in 14ms (Views: 9.8ms | ActiveRecord: 1.1ms | Allocations: 6503)


Started GET "/videos" for ::1 at 2020-11-03 15:27:47 -0700
Processing by VideosController#index as */*
  [1m[36mVideo Load (0.2ms)[0m  [1m[34mSELECT "videos".* FROM "videos"[0m
  ↳ app/controllers/videos_controller.rb:4:in `index'
Completed 200 OK in 5ms (Views: 4.3ms | ActiveRecord: 0.2ms | Allocations: 1841)


Started GET "/users" for ::1 at 2020-11-03 15:28:08 -0700
  
SyntaxError (/Users/DogPa/workspace/flatiron/idl/backend/idl/app/controllers/users_controller.rb:20: syntax error, unexpected tLABEL, expecting `do' or '{' or '('
...     render json: user include: [:username]
...                       ^~~~~~~~
):
  
app/controllers/users_controller.rb:20: syntax error, unexpected tLABEL, expecting `do' or '{' or '('
app/controllers/users_controller.rb:20: syntax error, unexpected tLABEL, expecting `do' or '{' or '('
Started GET "/users" for ::1 at 2020-11-03 15:28:31 -0700
  [1m[35m (0.1ms)[0m  [1m[34mSELECT sqlite_version(*)[0m
Processing by UsersController#index as */*
  [1m[36mUser Load (0.3ms)[0m  [1m[34mSELECT "users".* FROM "users"[0m
  ↳ app/controllers/users_controller.rb:4:in `index'
Completed 500 Internal Server Error in 24ms (ActiveRecord: 1.7ms | Allocations: 6976)


  
NoMethodError (undefined method `serializable_hash' for "Larry":String):
  
app/controllers/users_controller.rb:4:in `index'
Started GET "/users" for ::1 at 2020-11-03 15:29:55 -0700
  [1m[35m (0.1ms)[0m  [1m[34mSELECT sqlite_version(*)[0m
Processing by UsersController#index as */*
  [1m[36mUser Load (0.3ms)[0m  [1m[34mSELECT "users".* FROM "users"[0m
  ↳ app/controllers/users_controller.rb:4:in `index'
Completed 200 OK in 15ms (Views: 10.7ms | ActiveRecord: 1.2ms | Allocations: 5550)


Started GET "/users" for ::1 at 2020-11-03 15:30:11 -0700
  [1m[35m (0.1ms)[0m  [1m[34mSELECT sqlite_version(*)[0m
Processing by UsersController#index as */*
  [1m[36mUser Load (0.3ms)[0m  [1m[34mSELECT "users".* FROM "users"[0m
  ↳ app/controllers/users_controller.rb:4:in `index'
Completed 200 OK in 17ms (Views: 12.9ms | ActiveRecord: 1.3ms | Allocations: 5501)


Started POST "/users" for ::1 at 2020-11-03 15:41:28 -0700
  [1m[35m (0.1ms)[0m  [1m[34mSELECT sqlite_version(*)[0m
Processing by UsersController#create as JSON
  Parameters: {"username"=>"strongbad", "email"=>"strongbad@homestarrunner.com", "password"=>"[FILTERED]", "user"=>{"username"=>"strongbad", "email"=>"strongbad@homestarrunner.com"}}
  [1m[35m (0.1ms)[0m  [1m[36mbegin transaction[0m
  ↳ app/controllers/users_controller.rb:10:in `create'
  [1m[36mUser Exists? (12.0ms)[0m  [1m[34mSELECT 1 AS one FROM "users" WHERE "users"."username" = ? LIMIT ?[0m  [["username", "strongbad"], ["LIMIT", 1]]
  ↳ app/controllers/users_controller.rb:10:in `create'
  [1m[36mUser Exists? (0.1ms)[0m  [1m[34mSELECT 1 AS one FROM "users" WHERE "users"."email" = ? LIMIT ?[0m  [["email", "strongbad@homestarrunner.com"], ["LIMIT", 1]]
  ↳ app/controllers/users_controller.rb:10:in `create'
  [1m[35m (0.1ms)[0m  [1m[31mrollback transaction[0m
  ↳ app/controllers/users_controller.rb:10:in `create'
Completed 200 OK in 153ms (Views: 0.2ms | ActiveRecord: 12.3ms | Allocations: 8884)


Started POST "/users" for ::1 at 2020-11-03 15:41:51 -0700
Processing by UsersController#create as JSON
  Parameters: {"username"=>"strongbad", "email"=>"strongbad@homestarrunner.com", "password_digest"=>"[FILTERED]", "user"=>{"username"=>"strongbad", "email"=>"strongbad@homestarrunner.com", "password_digest"=>"[FILTERED]"}}
[31mUnpermitted parameter: :password_digest[0m
  [1m[35m (0.1ms)[0m  [1m[36mbegin transaction[0m
  ↳ app/controllers/users_controller.rb:10:in `create'
  [1m[36mUser Exists? (0.3ms)[0m  [1m[34mSELECT 1 AS one FROM "users" WHERE "users"."username" = ? LIMIT ?[0m  [["username", "strongbad"], ["LIMIT", 1]]
  ↳ app/controllers/users_controller.rb:10:in `create'
  [1m[36mUser Exists? (0.2ms)[0m  [1m[34mSELECT 1 AS one FROM "users" WHERE "users"."email" = ? LIMIT ?[0m  [["email", "strongbad@homestarrunner.com"], ["LIMIT", 1]]
  ↳ app/controllers/users_controller.rb:10:in `create'
  [1m[35m (0.1ms)[0m  [1m[31mrollback transaction[0m
  ↳ app/controllers/users_controller.rb:10:in `create'
Completed 200 OK in 13ms (Views: 0.2ms | ActiveRecord: 0.7ms | Allocations: 4440)


Started POST "/users" for ::1 at 2020-11-03 15:42:44 -0700
  [1m[35m (0.1ms)[0m  [1m[34mSELECT sqlite_version(*)[0m
  
LoadError (cannot load such file -- pry):
  
app/controllers/users_controller.rb:1:in `<main>'
Started POST "/users" for ::1 at 2020-11-03 15:43:50 -0700
  [1m[35m (1.0ms)[0m  [1m[34mSELECT sqlite_version(*)[0m
  [1m[35m (17.9ms)[0m  [1m[34mSELECT "schema_migrations"."version" FROM "schema_migrations" ORDER BY "schema_migrations"."version" ASC[0m
Processing by UsersController#create as JSON
  Parameters: {"username"=>"strongbad", "email"=>"strongbad@homestarrunner.com", "password"=>"[FILTERED]", "user"=>{"username"=>"strongbad", "email"=>"strongbad@homestarrunner.com"}}
  [1m[35m (0.1ms)[0m  [1m[36mbegin transaction[0m
  ↳ app/controllers/users_controller.rb:11:in `create'
  [1m[36mUser Exists? (0.4ms)[0m  [1m[34mSELECT 1 AS one FROM "users" WHERE "users"."username" = ? LIMIT ?[0m  [["username", "strongbad"], ["LIMIT", 1]]
  ↳ app/controllers/users_controller.rb:11:in `create'
  [1m[36mUser Exists? (0.1ms)[0m  [1m[34mSELECT 1 AS one FROM "users" WHERE "users"."email" = ? LIMIT ?[0m  [["email", "strongbad@homestarrunner.com"], ["LIMIT", 1]]
  ↳ app/controllers/users_controller.rb:11:in `create'
  [1m[35m (0.1ms)[0m  [1m[31mrollback transaction[0m
  ↳ app/controllers/users_controller.rb:11:in `create'
Completed 200 OK in 73807ms (Views: 0.5ms | ActiveRecord: 1.5ms | Allocations: 40322)


Started POST "/users" for ::1 at 2020-11-03 15:45:08 -0700
  [1m[35m (0.1ms)[0m  [1m[34mSELECT sqlite_version(*)[0m
Processing by UsersController#create as JSON
  Parameters: {"username"=>"strongbad", "email"=>"strongbad@homestarrunner.com", "password"=>"[FILTERED]", "user"=>{"username"=>"strongbad", "email"=>"strongbad@homestarrunner.com"}}
  [1m[35m (0.1ms)[0m  [1m[36mbegin transaction[0m
  ↳ app/controllers/users_controller.rb:11:in `create'
  [1m[36mUser Exists? (0.2ms)[0m  [1m[34mSELECT 1 AS one FROM "users" WHERE "users"."username" = ? LIMIT ?[0m  [["username", "strongbad"], ["LIMIT", 1]]
  ↳ app/controllers/users_controller.rb:11:in `create'
  [1m[36mUser Exists? (0.1ms)[0m  [1m[34mSELECT 1 AS one FROM "users" WHERE "users"."email" = ? LIMIT ?[0m  [["email", "strongbad@homestarrunner.com"], ["LIMIT", 1]]
  ↳ app/controllers/users_controller.rb:11:in `create'
  [1m[35m (0.1ms)[0m  [1m[31mrollback transaction[0m
  ↳ app/controllers/users_controller.rb:11:in `create'
Completed 200 OK in 62994ms (Views: 0.2ms | ActiveRecord: 1.2ms | Allocations: 24793)


Started POST "/users" for ::1 at 2020-11-03 15:48:32 -0700
  [1m[35m (0.8ms)[0m  [1m[34mSELECT sqlite_version(*)[0m
  [1m[35m (8.4ms)[0m  [1m[34mSELECT "schema_migrations"."version" FROM "schema_migrations" ORDER BY "schema_migrations"."version" ASC[0m
Processing by UsersController#create as JSON
  Parameters: {"username"=>"strongbad", "email"=>"strongbad@homestarrunner.com", "password"=>"[FILTERED]", "password_confirmation"=>"[FILTERED]", "user"=>{"username"=>"strongbad", "email"=>"strongbad@homestarrunner.com"}}
  [1m[35m (0.2ms)[0m  [1m[36mbegin transaction[0m
  ↳ (pry):7:in `create'
  [1m[36mUser Exists? (0.4ms)[0m  [1m[34mSELECT 1 AS one FROM "users" WHERE "users"."username" = ? LIMIT ?[0m  [["username", "strongbad"], ["LIMIT", 1]]
  ↳ (pry):7:in `create'
  [1m[36mUser Exists? (0.1ms)[0m  [1m[34mSELECT 1 AS one FROM "users" WHERE "users"."email" = ? LIMIT ?[0m  [["email", "strongbad@homestarrunner.com"], ["LIMIT", 1]]
  ↳ (pry):7:in `create'
  [1m[35m (0.1ms)[0m  [1m[31mrollback transaction[0m
  ↳ (pry):7:in `create'
  [1m[35m (0.1ms)[0m  [1m[36mbegin transaction[0m
  ↳ app/controllers/users_controller.rb:11:in `create'
  [1m[36mUser Exists? (0.3ms)[0m  [1m[34mSELECT 1 AS one FROM "users" WHERE "users"."username" = ? LIMIT ?[0m  [["username", "strongbad"], ["LIMIT", 1]]
  ↳ app/controllers/users_controller.rb:11:in `create'
  [1m[36mUser Exists? (0.3ms)[0m  [1m[34mSELECT 1 AS one FROM "users" WHERE "users"."email" = ? LIMIT ?[0m  [["email", "strongbad@homestarrunner.com"], ["LIMIT", 1]]
  ↳ app/controllers/users_controller.rb:11:in `create'
  [1m[35m (0.1ms)[0m  [1m[31mrollback transaction[0m
  ↳ app/controllers/users_controller.rb:11:in `create'
Completed 200 OK in 191036ms (Views: 0.5ms | ActiveRecord: 2.9ms | Allocations: 53116)


Started POST "/users" for ::1 at 2020-11-03 15:52:36 -0700
  [1m[35m (0.2ms)[0m  [1m[34mSELECT sqlite_version(*)[0m
Processing by UsersController#create as JSON
  Parameters: {"username"=>"strongbad", "email"=>"strongbad@homestarrunner.com", "password"=>"[FILTERED]", "password_confirmation"=>"[FILTERED]", "user"=>{"username"=>"strongbad", "email"=>"strongbad@homestarrunner.com"}}
  [1m[35m (0.1ms)[0m  [1m[36mbegin transaction[0m
  ↳ (pry):10:in `create'
  [1m[36mUser Exists? (0.2ms)[0m  [1m[34mSELECT 1 AS one FROM "users" WHERE "users"."username" = ? LIMIT ?[0m  [["username", "strongbad"], ["LIMIT", 1]]
  ↳ (pry):10:in `create'
  [1m[36mUser Exists? (0.1ms)[0m  [1m[34mSELECT 1 AS one FROM "users" WHERE "users"."email" = ? LIMIT ?[0m  [["email", "strongbad@homestarrunner.com"], ["LIMIT", 1]]
  ↳ (pry):10:in `create'
  [1m[35m (0.1ms)[0m  [1m[31mrollback transaction[0m
  ↳ (pry):10:in `create'
  [1m[35m (0.1ms)[0m  [1m[36mbegin transaction[0m
  ↳ (pry):13:in `create'
  [1m[36mUser Exists? (0.3ms)[0m  [1m[34mSELECT 1 AS one FROM "users" WHERE "users"."username" = ? LIMIT ?[0m  [["username", "strongbad"], ["LIMIT", 1]]
  ↳ (pry):13:in `create'
  [1m[36mUser Exists? (0.3ms)[0m  [1m[34mSELECT 1 AS one FROM "users" WHERE "users"."email" = ? LIMIT ?[0m  [["email", "strongbad@homestarrunner.com"], ["LIMIT", 1]]
  ↳ (pry):13:in `create'
  [1m[35m (0.1ms)[0m  [1m[31mrollback transaction[0m
  ↳ (pry):13:in `create'
  [1m[35m (0.1ms)[0m  [1m[36mbegin transaction[0m
  ↳ app/controllers/users_controller.rb:11:in `create'
  [1m[36mUser Exists? (0.2ms)[0m  [1m[34mSELECT 1 AS one FROM "users" WHERE "users"."username" = ? LIMIT ?[0m  [["username", "strongbad"], ["LIMIT", 1]]
  ↳ app/controllers/users_controller.rb:11:in `create'
  [1m[36mUser Exists? (0.2ms)[0m  [1m[34mSELECT 1 AS one FROM "users" WHERE "users"."email" = ? LIMIT ?[0m  [["email", "strongbad@homestarrunner.com"], ["LIMIT", 1]]
  ↳ app/controllers/users_controller.rb:11:in `create'
  [1m[35m (0.2ms)[0m  [1m[31mrollback transaction[0m
  ↳ app/controllers/users_controller.rb:11:in `create'
Completed 200 OK in 180132ms (Views: 0.2ms | ActiveRecord: 2.9ms | Allocations: 40747)


Started POST "/users" for ::1 at 2020-11-03 15:55:40 -0700
  [1m[35m (0.1ms)[0m  [1m[34mSELECT sqlite_version(*)[0m
Processing by UsersController#create as JSON
  Parameters: {"username"=>"strongbad", "email"=>"strongbad@homestarrunner.com", "password"=>"[FILTERED]", "password_confirmation"=>"[FILTERED]", "user"=>{"username"=>"strongbad", "email"=>"strongbad@homestarrunner.com"}}
  [1m[35m (0.1ms)[0m  [1m[36mbegin transaction[0m
  ↳ app/controllers/users_controller.rb:11:in `create'
  [1m[36mUser Exists? (0.3ms)[0m  [1m[34mSELECT 1 AS one FROM "users" WHERE "users"."username" = ? LIMIT ?[0m  [["username", "strongbad"], ["LIMIT", 1]]
  ↳ app/controllers/users_controller.rb:11:in `create'
  [1m[36mUser Exists? (0.1ms)[0m  [1m[34mSELECT 1 AS one FROM "users" WHERE "users"."email" = ? LIMIT ?[0m  [["email", "strongbad@homestarrunner.com"], ["LIMIT", 1]]
  ↳ app/controllers/users_controller.rb:11:in `create'
  [1m[35m (0.1ms)[0m  [1m[31mrollback transaction[0m
  ↳ app/controllers/users_controller.rb:11:in `create'
Completed 200 OK in 2726ms (Views: 0.2ms | ActiveRecord: 1.6ms | Allocations: 13446)


Started POST "/users" for ::1 at 2020-11-03 15:56:19 -0700
Processing by UsersController#create as JSON
  Parameters: {"user"=>{"username"=>"strongbad", "email"=>"strongbad@homestarrunner.com", "password"=>"[FILTERED]", "password_confirmation"=>"[FILTERED]"}}
  [1m[35m (0.1ms)[0m  [1m[36mbegin transaction[0m
  ↳ app/controllers/users_controller.rb:11:in `create'
  [1m[36mUser Exists? (0.2ms)[0m  [1m[34mSELECT 1 AS one FROM "users" WHERE "users"."username" = ? LIMIT ?[0m  [["username", "strongbad"], ["LIMIT", 1]]
  ↳ app/controllers/users_controller.rb:11:in `create'
  [1m[36mUser Exists? (0.1ms)[0m  [1m[34mSELECT 1 AS one FROM "users" WHERE "users"."email" = ? LIMIT ?[0m  [["email", "strongbad@homestarrunner.com"], ["LIMIT", 1]]
  ↳ app/controllers/users_controller.rb:11:in `create'
  [1m[35m (0.1ms)[0m  [1m[31mrollback transaction[0m
  ↳ app/controllers/users_controller.rb:11:in `create'
Completed 200 OK in 9567ms (Views: 0.4ms | ActiveRecord: 0.5ms | Allocations: 12383)


Started POST "/users" for ::1 at 2020-11-03 15:56:50 -0700
Processing by UsersController#create as JSON
  Parameters: {"user"=>{"username"=>"strongbad", "email"=>"strongbad@homestarrunner.com", "password"=>"[FILTERED]", "password_confirmation"=>"[FILTERED]"}}
  [1m[35m (0.1ms)[0m  [1m[36mbegin transaction[0m
  ↳ app/controllers/users_controller.rb:11:in `create'
  [1m[36mUser Exists? (0.2ms)[0m  [1m[34mSELECT 1 AS one FROM "users" WHERE "users"."username" = ? LIMIT ?[0m  [["username", "strongbad"], ["LIMIT", 1]]
  ↳ app/controllers/users_controller.rb:11:in `create'
  [1m[36mUser Exists? (0.1ms)[0m  [1m[34mSELECT 1 AS one FROM "users" WHERE "users"."email" = ? LIMIT ?[0m  [["email", "strongbad@homestarrunner.com"], ["LIMIT", 1]]
  ↳ app/controllers/users_controller.rb:11:in `create'
  [1m[36mUser Create (31.4ms)[0m  [1m[32mINSERT INTO "users" ("username", "email", "password_digest", "created_at", "updated_at") VALUES (?, ?, ?, ?, ?)[0m  [["username", "strongbad"], ["email", "strongbad@homestarrunner.com"], ["password_digest", "$2a$12$bKkYXmPOB8VrrWbXMfEacezRqtUZ4bYsDZ.6V/LjzrbRmTCG/MQ4O"], ["created_at", "2020-11-03 22:56:56.825880"], ["updated_at", "2020-11-03 22:56:56.825880"]]
  ↳ app/controllers/users_controller.rb:11:in `create'
  [1m[35m (2.7ms)[0m  [1m[36mcommit transaction[0m
  ↳ app/controllers/users_controller.rb:11:in `create'
Completed 500 Internal Server Error in 6478ms (ActiveRecord: 34.5ms | Allocations: 15465)


  
NoMethodError (undefined method `serializable_hash' for "strongbad":String):
  
app/controllers/users_controller.rb:12:in `create'
Started POST "/users" for ::1 at 2020-11-03 15:58:43 -0700
  [1m[35m (0.1ms)[0m  [1m[34mSELECT sqlite_version(*)[0m
Processing by UsersController#create as JSON
  Parameters: {"user"=>{"username"=>"strongbad", "email"=>"strongbad@homestarrunner.com", "password"=>"[FILTERED]", "password_confirmation"=>"[FILTERED]"}}
  [1m[35m (0.1ms)[0m  [1m[36mbegin transaction[0m
  ↳ app/controllers/users_controller.rb:11:in `create'
  [1m[36mUser Exists? (0.2ms)[0m  [1m[34mSELECT 1 AS one FROM "users" WHERE "users"."username" = ? LIMIT ?[0m  [["username", "strongbad"], ["LIMIT", 1]]
  ↳ app/controllers/users_controller.rb:11:in `create'
  [1m[36mUser Exists? (0.2ms)[0m  [1m[34mSELECT 1 AS one FROM "users" WHERE "users"."email" = ? LIMIT ?[0m  [["email", "strongbad@homestarrunner.com"], ["LIMIT", 1]]
  ↳ app/controllers/users_controller.rb:11:in `create'
  [1m[35m (0.1ms)[0m  [1m[31mrollback transaction[0m
  ↳ app/controllers/users_controller.rb:11:in `create'
Completed 200 OK in 2576ms (Views: 0.2ms | ActiveRecord: 1.5ms | Allocations: 15821)


  [1m[35m (0.8ms)[0m  [1m[34mSELECT sqlite_version(*)[0m
  [1m[36mUser Load (0.2ms)[0m  [1m[34mSELECT "users".* FROM "users" LIMIT ?[0m  [["LIMIT", 11]]
  [1m[36mUser Load (0.3ms)[0m  [1m[34mSELECT "users".* FROM "users"[0m
  [1m[36mUser Load (0.3ms)[0m  [1m[34mSELECT "users".* FROM "users" WHERE "users"."id" = ? LIMIT ?[0m  [["id", 4], ["LIMIT", 1]]
  [1m[35m (0.1ms)[0m  [1m[36mbegin transaction[0m
  [1m[36mUser Destroy (0.4ms)[0m  [1m[31mDELETE FROM "users" WHERE "users"."id" = ?[0m  [["id", 4]]
  [1m[35m (0.9ms)[0m  [1m[36mcommit transaction[0m
  [1m[36mUser Load (0.2ms)[0m  [1m[34mSELECT "users".* FROM "users" LIMIT ?[0m  [["LIMIT", 11]]
  [1m[36mUser Load (0.2ms)[0m  [1m[34mSELECT "users".* FROM "users"[0m
Started POST "/users" for ::1 at 2020-11-03 15:59:54 -0700
  [1m[35m (0.6ms)[0m  [1m[34mSELECT sqlite_version(*)[0m
  [1m[35m (0.1ms)[0m  [1m[34mSELECT "schema_migrations"."version" FROM "schema_migrations" ORDER BY "schema_migrations"."version" ASC[0m
Processing by UsersController#create as JSON
  Parameters: {"user"=>{"username"=>"strongbad", "email"=>"strongbad@homestarrunner.com", "password"=>"[FILTERED]", "password_confirmation"=>"[FILTERED]"}}
  [1m[35m (0.1ms)[0m  [1m[36mbegin transaction[0m
  ↳ app/controllers/users_controller.rb:11:in `create'
  [1m[36mUser Exists? (0.4ms)[0m  [1m[34mSELECT 1 AS one FROM "users" WHERE "users"."username" = ? LIMIT ?[0m  [["username", "strongbad"], ["LIMIT", 1]]
  ↳ app/controllers/users_controller.rb:11:in `create'
  [1m[36mUser Exists? (0.2ms)[0m  [1m[34mSELECT 1 AS one FROM "users" WHERE "users"."email" = ? LIMIT ?[0m  [["email", "strongbad@homestarrunner.com"], ["LIMIT", 1]]
  ↳ app/controllers/users_controller.rb:11:in `create'
  [1m[36mUser Create (0.5ms)[0m  [1m[32mINSERT INTO "users" ("username", "email", "password_digest", "created_at", "updated_at") VALUES (?, ?, ?, ?, ?)[0m  [["username", "strongbad"], ["email", "strongbad@homestarrunner.com"], ["password_digest", "$2a$12$cNDJOkc1ktDlYtmJXmjkpu5pvf6rCALOIXCJOTjRpmtZ7LC4JJgS2"], ["created_at", "2020-11-03 22:59:59.937277"], ["updated_at", "2020-11-03 22:59:59.937277"]]
  ↳ app/controllers/users_controller.rb:11:in `create'
  [1m[35m (0.9ms)[0m  [1m[36mcommit transaction[0m
  ↳ app/controllers/users_controller.rb:11:in `create'
Completed 200 OK in 5409ms (Views: 0.8ms | ActiveRecord: 3.0ms | Allocations: 25409)


Started POST "/users/4" for ::1 at 2020-11-03 16:01:08 -0700
  [1m[35m (0.1ms)[0m  [1m[34mSELECT sqlite_version(*)[0m
  
ActionController::RoutingError (No route matches [POST] "/users/4"):
  
actionpack (6.0.3.4) lib/action_dispatch/middleware/debug_exceptions.rb:36:in `call'
actionpack (6.0.3.4) lib/action_dispatch/middleware/show_exceptions.rb:33:in `call'
railties (6.0.3.4) lib/rails/rack/logger.rb:37:in `call_app'
railties (6.0.3.4) lib/rails/rack/logger.rb:26:in `block in call'
activesupport (6.0.3.4) lib/active_support/tagged_logging.rb:80:in `block in tagged'
activesupport (6.0.3.4) lib/active_support/tagged_logging.rb:28:in `tagged'
activesupport (6.0.3.4) lib/active_support/tagged_logging.rb:80:in `tagged'
railties (6.0.3.4) lib/rails/rack/logger.rb:26:in `call'
actionpack (6.0.3.4) lib/action_dispatch/middleware/remote_ip.rb:81:in `call'
actionpack (6.0.3.4) lib/action_dispatch/middleware/request_id.rb:27:in `call'
rack (2.2.3) lib/rack/runtime.rb:22:in `call'
activesupport (6.0.3.4) lib/active_support/cache/strategy/local_cache_middleware.rb:29:in `call'
actionpack (6.0.3.4) lib/action_dispatch/middleware/executor.rb:14:in `call'
actionpack (6.0.3.4) lib/action_dispatch/middleware/static.rb:126:in `call'
rack (2.2.3) lib/rack/sendfile.rb:110:in `call'
actionpack (6.0.3.4) lib/action_dispatch/middleware/host_authorization.rb:82:in `call'
rack-cors (1.1.1) lib/rack/cors.rb:100:in `call'
railties (6.0.3.4) lib/rails/engine.rb:527:in `call'
puma (4.3.6) lib/puma/configuration.rb:228:in `call'
puma (4.3.6) lib/puma/server.rb:713:in `handle_request'
puma (4.3.6) lib/puma/server.rb:472:in `process_client'
puma (4.3.6) lib/puma/server.rb:328:in `block in run'
puma (4.3.6) lib/puma/thread_pool.rb:134:in `block in spawn_thread'
Started PATCH "/users/4" for ::1 at 2020-11-03 16:02:07 -0700
  
SyntaxError (/Users/DogPa/workspace/flatiron/idl/backend/idl/app/controllers/users_controller.rb:10: syntax error, unexpected '\n', expecting =>):
  
app/controllers/users_controller.rb:10: syntax error, unexpected '\n', expecting =>
app/controllers/users_controller.rb:10: syntax error, unexpected '\n', expecting =>
Started PATCH "/users/4" for ::1 at 2020-11-03 16:03:05 -0700
  [1m[35m (0.1ms)[0m  [1m[34mSELECT sqlite_version(*)[0m
Processing by UsersController#update as JSON
  Parameters: {"user"=>{"username"=>"strongBad", "email"=>"strong@homestarrunner.com"}, "id"=>"4"}
Completed 500 Internal Server Error in 0ms (ActiveRecord: 0.0ms | Allocations: 106)


  
TypeError (no implicit conversion of Symbol into Integer):
  
app/controllers/users_controller.rb:26:in `update'
Started PATCH "/users/4" for ::1 at 2020-11-03 16:03:42 -0700
  [1m[35m (0.1ms)[0m  [1m[34mSELECT sqlite_version(*)[0m
Processing by UsersController#update as JSON
  Parameters: {"user"=>{"username"=>"strongBad", "email"=>"strong@homestarrunner.com"}, "id"=>"4"}
Completed 500 Internal Server Error in 0ms (ActiveRecord: 0.0ms | Allocations: 106)


  
TypeError (no implicit conversion of String into Integer):
  
app/controllers/users_controller.rb:26:in `[]'
app/controllers/users_controller.rb:26:in `update'
Started PATCH "/users/4" for ::1 at 2020-11-03 16:04:11 -0700
  [1m[35m (0.1ms)[0m  [1m[34mSELECT sqlite_version(*)[0m
Processing by UsersController#update as JSON
  Parameters: {"user"=>{"username"=>"strongBad", "email"=>"strong@homestarrunner.com"}, "id"=>"4"}
Completed 500 Internal Server Error in 0ms (ActiveRecord: 0.0ms | Allocations: 106)


  
TypeError (no implicit conversion of String into Integer):
  
app/controllers/users_controller.rb:26:in `[]'
app/controllers/users_controller.rb:26:in `update'
Started PATCH "/users/4" for ::1 at 2020-11-03 16:06:46 -0700
  [1m[35m (0.1ms)[0m  [1m[34mSELECT sqlite_version(*)[0m
Processing by UsersController#update as JSON
  Parameters: {"user"=>{"username"=>"strongBad", "email"=>"strong@homestarrunner.com"}, "id"=>"4"}
Completed 500 Internal Server Error in 0ms (ActiveRecord: 0.0ms | Allocations: 104)


  
TypeError (no implicit conversion of Symbol into Integer):
  
app/controllers/users_controller.rb:26:in `[]'
app/controllers/users_controller.rb:26:in `update'
Started PATCH "/users/4" for ::1 at 2020-11-03 16:07:22 -0700
  [1m[35m (0.1ms)[0m  [1m[34mSELECT sqlite_version(*)[0m
Processing by UsersController#update as JSON
  Parameters: {"user"=>{"username"=>"strongBad", "email"=>"strong@homestarrunner.com"}, "id"=>"4"}
  [1m[36mUser Load (0.1ms)[0m  [1m[34mSELECT "users".* FROM "users" WHERE "users"."id" = ? LIMIT ?[0m  [["id", 4], ["LIMIT", 1]]
  ↳ app/controllers/users_controller.rb:26:in `update'
Completed 500 Internal Server Error in 4ms (ActiveRecord: 0.5ms | Allocations: 1790)


  
NoMethodError (undefined method `empty?' for nil:NilClass):
  
app/controllers/users_controller.rb:27:in `update'
Started PATCH "/users/4" for ::1 at 2020-11-03 16:07:56 -0700
  [1m[35m (0.1ms)[0m  [1m[34mSELECT sqlite_version(*)[0m
Processing by UsersController#update as JSON
  Parameters: {"user"=>{"username"=>"strongBad", "email"=>"strong@homestarrunner.com"}, "id"=>"4"}
  [1m[36mUser Load (0.2ms)[0m  [1m[34mSELECT "users".* FROM "users" WHERE "users"."id" = ? LIMIT ?[0m  [["id", 4], ["LIMIT", 1]]
  ↳ app/controllers/users_controller.rb:27:in `update'
  [1m[36mCACHE User Load (0.0ms)[0m  [1m[34mSELECT "users".* FROM "users" WHERE "users"."id" = ? LIMIT ?[0m  [["id", 4], ["LIMIT", 1]]
  ↳ (pry):4:in `update'
  [1m[36mUser Load (0.3ms)[0m  [1m[34mSELECT "users".* FROM "users"[0m
  ↳ app/controllers/users_controller.rb:28:in `update'
Completed 200 OK in 61819ms (Views: 0.4ms | ActiveRecord: 1.6ms | Allocations: 32339)


Started PATCH "/users/5" for ::1 at 2020-11-03 16:09:09 -0700
Processing by UsersController#update as JSON
  Parameters: {"user"=>{"username"=>"strongBad", "email"=>"strong@homestarrunner.com"}, "id"=>"5"}
  [1m[36mUser Load (0.2ms)[0m  [1m[34mSELECT "users".* FROM "users" WHERE "users"."id" = ? LIMIT ?[0m  [["id", 5], ["LIMIT", 1]]
  ↳ app/controllers/users_controller.rb:27:in `update'
  [1m[35m (0.1ms)[0m  [1m[36mbegin transaction[0m
  ↳ app/controllers/users_controller.rb:30:in `update'
  [1m[36mUser Exists? (0.2ms)[0m  [1m[34mSELECT 1 AS one FROM "users" WHERE "users"."username" = ? AND "users"."id" != ? LIMIT ?[0m  [["username", "strongBad"], ["id", 5], ["LIMIT", 1]]
  ↳ app/controllers/users_controller.rb:30:in `update'
  [1m[36mUser Exists? (0.1ms)[0m  [1m[34mSELECT 1 AS one FROM "users" WHERE "users"."email" = ? AND "users"."id" != ? LIMIT ?[0m  [["email", "strong@homestarrunner.com"], ["id", 5], ["LIMIT", 1]]
  ↳ app/controllers/users_controller.rb:30:in `update'
  [1m[36mUser Update (0.9ms)[0m  [1m[33mUPDATE "users" SET "username" = ?, "email" = ?, "updated_at" = ? WHERE "users"."id" = ?[0m  [["username", "strongBad"], ["email", "strong@homestarrunner.com"], ["updated_at", "2020-11-03 23:09:14.460180"], ["id", 5]]
  ↳ app/controllers/users_controller.rb:30:in `update'
  [1m[35m (2.2ms)[0m  [1m[36mcommit transaction[0m
  ↳ app/controllers/users_controller.rb:30:in `update'
Completed 200 OK in 5032ms (Views: 0.4ms | ActiveRecord: 3.7ms | Allocations: 15321)


Started GET "/5" for ::1 at 2020-11-03 16:10:06 -0700
  
ActionController::RoutingError (No route matches [GET] "/5"):
  
actionpack (6.0.3.4) lib/action_dispatch/middleware/debug_exceptions.rb:36:in `call'
actionpack (6.0.3.4) lib/action_dispatch/middleware/show_exceptions.rb:33:in `call'
railties (6.0.3.4) lib/rails/rack/logger.rb:37:in `call_app'
railties (6.0.3.4) lib/rails/rack/logger.rb:26:in `block in call'
activesupport (6.0.3.4) lib/active_support/tagged_logging.rb:80:in `block in tagged'
activesupport (6.0.3.4) lib/active_support/tagged_logging.rb:28:in `tagged'
activesupport (6.0.3.4) lib/active_support/tagged_logging.rb:80:in `tagged'
railties (6.0.3.4) lib/rails/rack/logger.rb:26:in `call'
actionpack (6.0.3.4) lib/action_dispatch/middleware/remote_ip.rb:81:in `call'
actionpack (6.0.3.4) lib/action_dispatch/middleware/request_id.rb:27:in `call'
rack (2.2.3) lib/rack/runtime.rb:22:in `call'
activesupport (6.0.3.4) lib/active_support/cache/strategy/local_cache_middleware.rb:29:in `call'
actionpack (6.0.3.4) lib/action_dispatch/middleware/executor.rb:14:in `call'
actionpack (6.0.3.4) lib/action_dispatch/middleware/static.rb:126:in `call'
rack (2.2.3) lib/rack/sendfile.rb:110:in `call'
actionpack (6.0.3.4) lib/action_dispatch/middleware/host_authorization.rb:82:in `call'
rack-cors (1.1.1) lib/rack/cors.rb:100:in `call'
railties (6.0.3.4) lib/rails/engine.rb:527:in `call'
puma (4.3.6) lib/puma/configuration.rb:228:in `call'
puma (4.3.6) lib/puma/server.rb:713:in `handle_request'
puma (4.3.6) lib/puma/server.rb:472:in `process_client'
puma (4.3.6) lib/puma/server.rb:328:in `block in run'
puma (4.3.6) lib/puma/thread_pool.rb:134:in `block in spawn_thread'
Started GET "/users/5" for ::1 at 2020-11-03 16:11:41 -0700
  [1m[35m (0.1ms)[0m  [1m[34mSELECT sqlite_version(*)[0m
  
LoadError (cannot load such file -- pryra):
  
app/controllers/users_controller.rb:1:in `<main>'
Started GET "/users/5" for ::1 at 2020-11-03 16:12:02 -0700
  [1m[35m (0.1ms)[0m  [1m[34mSELECT sqlite_version(*)[0m
Processing by UsersController#show as */*
  Parameters: {"id"=>"5"}
  [1m[36mUser Load (0.2ms)[0m  [1m[34mSELECT "users".* FROM "users" WHERE "users"."id" = ? LIMIT ?[0m  [["id", 5], ["LIMIT", 1]]
  ↳ app/controllers/users_controller.rb:18:in `show'
Completed 200 OK in 60ms (Views: 0.5ms | ActiveRecord: 1.3ms | Allocations: 5186)


